<?xml version="1.0" encoding="UTF-8"?>
<!-- Generated by org.testng.reporters.JUnitReportReporter -->
<testsuite hostname="HBHASKAR-32094334H" failures="0" tests="1" name="NewTest" time="4.562" errors="0" timestamp="2024-12-21T15:59:23 IST" skipped="0">
  <testcase classname="NewTest" name="f" time="4.562"/>
  <system-out/>
</testsuite> <!-- NewTest -->
