<?xml version="1.0" encoding="UTF-8"?>
<!-- Generated by org.testng.reporters.JUnitReportReporter -->
<testsuite hostname="HBHASKAR-32094334H" failures="0" tests="4" name="AmazonTest" time="6.313" errors="0" timestamp="2024-12-21T15:35:38 IST" skipped="0">
  <testcase classname="AmazonTest" name="setUp" time="0.002"/>
  <system-out/>
  <testcase classname="AmazonTest" name="setUp" time="1.608"/>
  <system-out/>
  <testcase classname="AmazonTest" name="setUp" time="2.157"/>
  <system-out/>
  <testcase classname="AmazonTest" name="testAmazonSearch" time="2.546"/>
  <system-out/>
</testsuite> <!-- AmazonTest -->
