<?xml version="1.0" encoding="UTF-8"?>
<!-- Generated by org.testng.reporters.JUnitReportReporter -->
<testsuite hostname="HBHASKAR-32094334H" failures="0" tests="4" name="AmznTest" time="13.423" errors="0" timestamp="2024-12-21T16:01:56 IST" skipped="0">
  <testcase classname="AmznTest" name="setUp" time="3.801"/>
  <system-out/>
  <testcase classname="AmznTest" name="setUp" time="3.302"/>
  <system-out/>
  <testcase classname="AmznTest" name="setUp" time="2.337"/>
  <system-out/>
  <testcase classname="AmznTest" name="testAmazonSearch" time="3.983"/>
  <system-out/>
</testsuite> <!-- AmznTest -->
