<?xml version="1.0" encoding="UTF-8"?>
<!-- Generated by org.testng.reporters.JUnitReportReporter -->
<testsuite hostname="HBHASKAR-32094334H" failures="0" tests="3" name="SeleniumGridTest" time="18.259" errors="0" timestamp="2024-12-25T19:31:22 IST" skipped="0">
  <testcase classname="SeleniumGridTest" name="testGoogleTitle" time="4.683"/>
  <testcase classname="SeleniumGridTest" name="testGoogleTitle" time="6.484"/>
  <testcase classname="SeleniumGridTest" name="testGoogleTitle" time="7.092"/>
</testsuite> <!-- SeleniumGridTest -->
